mode: atomic
shortener/internal/repository/cache/cache.go:12.22,14.2 1 3
shortener/internal/repository/cache/cache.go:16.61,21.2 4 1
shortener/internal/repository/cache/cache.go:23.59,28.2 4 2
shortener/internal/repository/postgres/postgres.go:34.35,36.2 1 3
shortener/internal/repository/postgres/postgres.go:38.61,47.35 4 2
shortener/internal/repository/postgres/postgres.go:51.2,51.18 1 1
shortener/internal/repository/postgres/postgres.go:47.35,49.3 1 1
shortener/internal/repository/postgres/postgres.go:54.59,62.2 3 1
shortener/internal/service/link.go:4.60,7.6 3 3
shortener/internal/service/link.go:7.6,8.17 1 3
shortener/internal/service/link.go:11.3,11.20 1 2
shortener/internal/service/link.go:15.3,15.22 1 1
shortener/internal/service/link.go:18.3,19.42 2 0
shortener/internal/service/link.go:8.17,10.4 1 1
shortener/internal/service/link.go:11.20,14.4 2 1
shortener/internal/service/link.go:15.22,17.4 1 1
shortener/internal/service/link.go:24.60,26.2 1 1
shortener/internal/service/service.go:14.27,18.2 1 4
shortener/internal/service/short.go:24.43,28.26 4 5
shortener/internal/service/short.go:41.2,41.21 1 5
shortener/internal/service/short.go:28.26,31.25 3 50
shortener/internal/service/short.go:38.3,39.24 2 50
shortener/internal/service/short.go:31.25,34.38 3 1
shortener/internal/service/short.go:34.38,36.5 1 0
shortener/internal/handler/handler.go:18.37,20.2 1 1
shortener/internal/handler/handler.go:22.44,25.2 2 1
shortener/internal/handler/handler.go:29.2,29.15 1 1
shortener/internal/handler/handler.go:25.2,28.3 2 1
shortener/internal/handler/link.go:22.44,25.40 2 4
shortener/internal/handler/link.go:30.2,30.56 1 3
shortener/internal/handler/link.go:37.2,38.16 2 2
shortener/internal/handler/link.go:43.2,45.4 1 1
shortener/internal/handler/link.go:25.40,28.3 2 1
shortener/internal/handler/link.go:30.56,35.3 2 1
shortener/internal/handler/link.go:38.16,41.3 2 1
shortener/internal/handler/link.go:48.43,51.16 3 3
shortener/internal/handler/link.go:55.2,55.16 1 2
shortener/internal/handler/link.go:61.2,63.4 1 1
shortener/internal/handler/link.go:51.16,54.3 2 1
shortener/internal/handler/link.go:55.16,60.3 2 1
shortener/internal/handler/response.go:13.71,16.2 2 3
