mode: atomic
shortener/internal/repository/cache/cache.go:12.22,14.2 1 3
shortener/internal/repository/cache/cache.go:16.61,21.2 4 1
shortener/internal/repository/cache/cache.go:23.59,28.2 4 2
shortener/internal/handler/response.go:13.71,16.2 2 0
shortener/internal/handler/handler.go:18.37,20.2 1 0
shortener/internal/handler/handler.go:22.44,25.2 2 0
shortener/internal/handler/handler.go:29.2,29.15 1 0
shortener/internal/handler/handler.go:25.2,28.3 2 0
shortener/internal/handler/link.go:22.44,27.40 2 0
shortener/internal/handler/link.go:32.2,33.16 2 0
shortener/internal/handler/link.go:38.2,40.4 1 0
shortener/internal/handler/link.go:27.40,30.3 2 0
shortener/internal/handler/link.go:33.16,36.3 2 0
shortener/internal/handler/link.go:44.43,48.16 3 0
shortener/internal/handler/link.go:53.2,55.4 1 0
shortener/internal/handler/link.go:48.16,51.3 2 0
